<?xml version="1.0" encoding="UTF-8" ?>
<testsuite tests="4" failures="0" name="com.ifpe.dsc.indebate.testes.PoliticoTeste" time="0.067" errors="0" skipped="0">
  <properties>
    <property name="java.runtime.name" value="Java(TM) SE Runtime Environment"/>
    <property name="java.vm.version" value="11.0.15.1+2-LTS-10"/>
    <property name="sun.boot.library.path" value="C:\Program Files\Java\jdk-11.0.15.1\bin"/>
    <property name="maven.multiModuleProjectDirectory" value="C:\Users\vagne\OneDrive\Documentos\NetBeansProjects\indebate"/>
    <property name="java.vm.vendor" value="Oracle Corporation"/>
    <property name="java.vendor.url" value="https://openjdk.java.net/"/>
    <property name="guice.disable.misplaced.annotation.check" value="true"/>
    <property name="path.separator" value=";"/>
    <property name="java.vm.name" value="Java HotSpot(TM) 64-Bit Server VM"/>
    <property name="sun.os.patch.level" value=""/>
    <property name="user.script" value=""/>
    <property name="user.country" value="BR"/>
    <property name="sun.java.launcher" value="SUN_STANDARD"/>
    <property name="test" value="com.ifpe.dsc.indebate.testes.ConsultasDebateTeste,com.ifpe.dsc.indebate.testes.ConsultasPartidoTeste,com.ifpe.dsc.indebate.testes.ConsultasPoliticoTeste,com.ifpe.dsc.indebate.testes.ConsultasReporterTeste,com.ifpe.dsc.indebate.testes.DbUnitUtil,com.ifpe.dsc.indebate.testes.DebateTeste,com.ifpe.dsc.indebate.testes.PartidoTeste,com.ifpe.dsc.indebate.testes.PoliticoTeste,com.ifpe.dsc.indebate.testes.ReporterTeste"/>
    <property name="java.vm.specification.name" value="Java Virtual Machine Specification"/>
    <property name="user.dir" value="C:\Users\vagne\OneDrive\Documentos\NetBeansProjects\indebate"/>
    <property name="java.vm.compressedOopsMode" value="32-bit"/>
    <property name="java.runtime.version" value="11.0.15.1+2-LTS-10"/>
    <property name="java.awt.graphicsenv" value="sun.awt.Win32GraphicsEnvironment"/>
    <property name="os.arch" value="amd64"/>
    <property name="java.io.tmpdir" value="C:\Users\vagne\AppData\Local\Temp\"/>
    <property name="line.separator" value="
"/>
    <property name="java.vm.specification.vendor" value="Oracle Corporation"/>
    <property name="user.variant" value=""/>
    <property name="os.name" value="Windows 11"/>
    <property name="maven.ext.class.path" value="C:\Users\vagne\OneDrive\Documentos\netbeans\java\maven-nblib\netbeans-eventspy.jar"/>
    <property name="classworlds.conf" value="C:\Users\vagne\OneDrive\Documentos\netbeans\java\maven\bin\m2.conf"/>
    <property name="sun.jnu.encoding" value="Cp1252"/>
    <property name="java.library.path" value="C:\Program Files\Java\jdk-11.0.15.1\bin;C:\Windows\Sun\Java\bin;C:\Windows\system32;C:\Windows;C:\Program Files\Common Files\Oracle\Java\javapath;C:\Program Files (x86)\Common Files\Oracle\Java\javapath;C:\wamp64\bin\php\php7.4.26;C:\Windows\system32;C:\Windows;C:\Windows\System32\Wbem;C:\Windows\System32\WindowsPowerShell\v1.0\;C:\Windows\System32\OpenSSH\;C:\Program Files\dotnet\;C:\Program Files (x86)\NVIDIA Corporation\PhysX\Common;C:\Program Files\NVIDIA Corporation\NVIDIA NvDLISR;C:\Program Files\Git\cmd;C:\Program Files\Git\mingw64\bin;C:\Program Files\Git\usr\bin;C:\Program Files\MySQL\MySQL Shell 8.0\bin;C:\Program Files\MySQL\MySQL Shell 8.0\bin;C:\Users\vagne\AppData\Local\Microsoft\WindowsApps;C:\wamp64\bin\php\php7.4.26;C:\Users\vagne\AppData\Local\ComposerSetup\bin;C:\Users\vagne\AppData\Roaming\Composer\vendor\bin;C:\Users\vagne\AppData\Local\GitHubDesktop\bin;."/>
    <property name="maven.conf" value="C:\Users\vagne\OneDrive\Documentos\netbeans\java\maven/conf"/>
    <property name="jdk.debug" value="release"/>
    <property name="java.class.version" value="55.0"/>
    <property name="java.specification.name" value="Java Platform API Specification"/>
    <property name="sun.management.compiler" value="HotSpot 64-Bit Tiered Compilers"/>
    <property name="os.version" value="10.0"/>
    <property name="library.jansi.path" value="C:\Users\vagne\OneDrive\Documentos\netbeans\java\maven\lib\jansi-native"/>
    <property name="user.home" value="C:\Users\vagne"/>
    <property name="user.timezone" value="America/Sao_Paulo"/>
    <property name="java.awt.printerjob" value="sun.awt.windows.WPrinterJob"/>
    <property name="file.encoding" value="UTF-8"/>
    <property name="java.specification.version" value="11"/>
    <property name="user.name" value="Vagner FranÃ§a"/>
    <property name="java.class.path" value="C:\Users\vagne\OneDrive\Documentos\netbeans\java\maven\boot\plexus-classworlds-2.6.0.jar"/>
    <property name="java.vm.specification.version" value="11"/>
    <property name="sun.arch.data.model" value="64"/>
    <property name="sun.java.command" value="org.codehaus.plexus.classworlds.launcher.Launcher -Dtest=com.ifpe.dsc.indebate.testes.ConsultasDebateTeste,com.ifpe.dsc.indebate.testes.ConsultasPartidoTeste,com.ifpe.dsc.indebate.testes.ConsultasPoliticoTeste,com.ifpe.dsc.indebate.testes.ConsultasReporterTeste,com.ifpe.dsc.indebate.testes.DbUnitUtil,com.ifpe.dsc.indebate.testes.DebateTeste,com.ifpe.dsc.indebate.testes.PartidoTeste,com.ifpe.dsc.indebate.testes.PoliticoTeste,com.ifpe.dsc.indebate.testes.ReporterTeste -Dmaven.ext.class.path=C:\Users\vagne\OneDrive\Documentos\netbeans\java\maven-nblib\netbeans-eventspy.jar -Dfile.encoding=UTF-8 surefire:test"/>
    <property name="java.home" value="C:\Program Files\Java\jdk-11.0.15.1"/>
    <property name="user.language" value="pt"/>
    <property name="java.specification.vendor" value="Oracle Corporation"/>
    <property name="awt.toolkit" value="sun.awt.windows.WToolkit"/>
    <property name="java.vm.info" value="mixed mode"/>
    <property name="java.version" value="11.0.15.1"/>
    <property name="java.vendor" value="Oracle Corporation"/>
    <property name="maven.home" value="C:\Users\vagne\OneDrive\Documentos\netbeans\java\maven"/>
    <property name="file.separator" value="\"/>
    <property name="java.version.date" value="2022-04-22"/>
    <property name="java.vendor.url.bug" value="https://bugreport.java.com/bugreport/"/>
    <property name="sun.io.unicode.encoding" value="UnicodeLittle"/>
    <property name="sun.cpu.endian" value="little"/>
    <property name="java.vendor.version" value="18.9"/>
    <property name="sun.desktop" value="windows"/>
    <property name="sun.cpu.isalist" value="amd64"/>
  </properties>
  <testcase classname="com.ifpe.dsc.indebate.testes.PoliticoTeste" name="persistirPolitico" time="0.017"/>
  <testcase classname="com.ifpe.dsc.indebate.testes.PoliticoTeste" name="atualizarPolitico" time="0.02"/>
  <testcase classname="com.ifpe.dsc.indebate.testes.PoliticoTeste" name="deletarPolitico" time="0.012"/>
  <testcase classname="com.ifpe.dsc.indebate.testes.PoliticoTeste" name="atualizarPoliticoMerge" time="0.018"/>
</testsuite>